<?xml version="1.0" encoding="UTF-8"?>
<!-- Generated by org.testng.reporters.JUnitXMLReporter -->
<testsuite ignored="0" hostname="LAPTOP-OB76D41L" failures="1" tests="3" name="TestParallel" time="0.048" errors="0" timestamp="2022-07-30T11:10:34 EDT">
  <testcase classname="seleniuminterviewpractice.NewTest2" name="test4" time="0.0">
    <failure type="org.testng.TestNGException" message="
Parameter &amp;apos;data&amp;apos; is required by @Test on method test4 but has not been marked @Optional or defined
in C:\My workspace\SDETAutomationTechie\SeleniumwithJava\testng.xml">
      <![CDATA[org.testng.TestNGException: 
Parameter 'data' is required by @Test on method test4 but has not been marked @Optional or defined
in C:\My workspace\SDETAutomationTechie\SeleniumwithJava\testng.xml
at java.base/java.util.concurrent.ThreadPoolExecutor.runWorker(ThreadPoolExecutor.java:1128)
at java.base/java.util.concurrent.ThreadPoolExecutor$Worker.run(ThreadPoolExecutor.java:628)
at java.base/java.lang.Thread.run(Thread.java:834)
... Removed 11 stack frames]]>
    </failure>
  </testcase> <!-- test4 -->
  <testcase classname="seleniuminterviewpractice.NewTest2" name="test5" time="0.011"/>
  <testcase classname="seleniuminterviewpractice.NewTest2" name="test6" time="0.007"/>
</testsuite> <!-- TestParallel -->
